<?xml version="1.0" encoding="UTF-8"?>
<!-- Generated by org.testng.reporters.JUnitXMLReporter -->
<testsuite ignored="0" hostname="DESKTOP-1RK3SK9" failures="0" tests="3" name="Test" time="19.316" errors="0" timestamp="2024-09-19T14:52:47 IST">
  <testcase classname="testcases.Tc_01_Login" name="Loginpage" time="0.91"/>
  <testcase classname="testcases.Tc_02_Search" name="SearchHotel" time="1.391"/>
  <testcase classname="testcases.Tc_03_Select" name="Selecthotel" time="1.873"/>
</testsuite> <!-- Test -->
