<?xml version="1.0" encoding="UTF-8"?>
<testng-results ignored="0" total="3" passed="3" failed="0" skipped="0">
  <reporter-output>
  </reporter-output>
  <suite started-at="2024-09-19T14:52:27 IST" name="Suite" finished-at="2024-09-19T14:52:47 IST" duration-ms="19316">
    <groups>
    </groups>
    <test started-at="2024-09-19T14:52:27 IST" name="Test" finished-at="2024-09-19T14:52:47 IST" duration-ms="19316">
      <class name="testcases.Tc_02_Search">
        <test-method is-config="true" signature="openApplication(java.lang.String,java.lang.String)[pri:0, instance:testcases.Tc_02_Search@34e9fd99]" started-at="2024-09-19T14:52:37 IST" name="openApplication" finished-at="2024-09-19T14:52:40 IST" duration-ms="3280" status="PASS">
          <params>
            <param index="0">
              <value>
                <![CDATA[chrome]]>
              </value>
            </param>
            <param index="1">
              <value>
                <![CDATA[https://adactinhotelapp.com/index.php]]>
              </value>
            </param>
          </params>
          <reporter-output>
          </reporter-output>
        </test-method> <!-- openApplication -->
        <test-method signature="SearchHotel()[pri:0, instance:testcases.Tc_02_Search@34e9fd99]" started-at="2024-09-19T14:52:40 IST" name="SearchHotel" finished-at="2024-09-19T14:52:42 IST" duration-ms="1391" status="PASS">
          <reporter-output>
          </reporter-output>
        </test-method> <!-- SearchHotel -->
        <test-method is-config="true" signature="closeApplication()[pri:0, instance:testcases.Tc_02_Search@34e9fd99]" started-at="2024-09-19T14:52:42 IST" name="closeApplication" finished-at="2024-09-19T14:52:42 IST" duration-ms="106" status="PASS">
          <reporter-output>
          </reporter-output>
        </test-method> <!-- closeApplication -->
      </class> <!-- testcases.Tc_02_Search -->
      <class name="testcases.Tc_03_Select">
        <test-method is-config="true" signature="openApplication(java.lang.String,java.lang.String)[pri:0, instance:testcases.Tc_03_Select@3c41ed1d]" started-at="2024-09-19T14:52:42 IST" name="openApplication" finished-at="2024-09-19T14:52:45 IST" duration-ms="3203" status="PASS">
          <params>
            <param index="0">
              <value>
                <![CDATA[chrome]]>
              </value>
            </param>
            <param index="1">
              <value>
                <![CDATA[https://adactinhotelapp.com/index.php]]>
              </value>
            </param>
          </params>
          <reporter-output>
          </reporter-output>
        </test-method> <!-- openApplication -->
        <test-method signature="Selecthotel()[pri:0, instance:testcases.Tc_03_Select@3c41ed1d]" started-at="2024-09-19T14:52:45 IST" name="Selecthotel" finished-at="2024-09-19T14:52:47 IST" duration-ms="1873" status="PASS">
          <reporter-output>
          </reporter-output>
        </test-method> <!-- Selecthotel -->
        <test-method is-config="true" signature="closeApplication()[pri:0, instance:testcases.Tc_03_Select@3c41ed1d]" started-at="2024-09-19T14:52:47 IST" name="closeApplication" finished-at="2024-09-19T14:52:47 IST" duration-ms="80" status="PASS">
          <reporter-output>
          </reporter-output>
        </test-method> <!-- closeApplication -->
      </class> <!-- testcases.Tc_03_Select -->
      <class name="testcases.Tc_01_Login">
        <test-method is-config="true" signature="openApplication(java.lang.String,java.lang.String)[pri:0, instance:testcases.Tc_01_Login@c730b35]" started-at="2024-09-19T14:52:28 IST" name="openApplication" finished-at="2024-09-19T14:52:36 IST" duration-ms="7730" status="PASS">
          <params>
            <param index="0">
              <value>
                <![CDATA[chrome]]>
              </value>
            </param>
            <param index="1">
              <value>
                <![CDATA[https://adactinhotelapp.com/index.php]]>
              </value>
            </param>
          </params>
          <reporter-output>
          </reporter-output>
        </test-method> <!-- openApplication -->
        <test-method signature="Loginpage()[pri:0, instance:testcases.Tc_01_Login@c730b35]" started-at="2024-09-19T14:52:36 IST" name="Loginpage" finished-at="2024-09-19T14:52:37 IST" duration-ms="910" status="PASS">
          <reporter-output>
          </reporter-output>
        </test-method> <!-- Loginpage -->
        <test-method is-config="true" signature="closeApplication()[pri:0, instance:testcases.Tc_01_Login@c730b35]" started-at="2024-09-19T14:52:37 IST" name="closeApplication" finished-at="2024-09-19T14:52:37 IST" duration-ms="204" status="PASS">
          <reporter-output>
          </reporter-output>
        </test-method> <!-- closeApplication -->
      </class> <!-- testcases.Tc_01_Login -->
    </test> <!-- Test -->
  </suite> <!-- Suite -->
</testng-results>
